2014-02-24 20:29:12.279 LineOut[46079:80b] Multi-tasking -> Device: YES, App: YES
2014-02-24 20:29:12.697 LineOut[46079:80b] Unlimited access to network resources
2014-02-24 20:29:12.739 LineOut[46079:80b] Fix applied for database locations?: YES
2014-02-24 20:29:16.300 LineOut[46079:80b] Resetting plugins due to page load.
2014-02-24 20:29:18.187 LineOut[46079:80b] Finished load of: file:///Users/jgs/Library/Application%20Support/iPhone%20Simulator/7.0.3/Applications/80ECB689-E4B4-46FC-8926-17195353DCB7/LineOut.app/www/index.html
2014-02-24 20:30:56.984 LineOut[46079:80b] Resetting plugins due to page load.
2014-02-24 20:30:57.685 LineOut[46079:80b] Finished load of: file:///Users/jgs/Library/Application%20Support/iPhone%20Simulator/7.0.3/Applications/80ECB689-E4B4-46FC-8926-17195353DCB7/LineOut.app/www/views/andamans/index.html
2014-02-24 21:29:09.607 LineOut[47279:80b] Multi-tasking -> Device: YES, App: YES
2014-02-24 21:29:10.243 LineOut[47279:80b] Unlimited access to network resources
2014-02-24 21:29:17.653 LineOut[47279:80b] Resetting plugins due to page load.
2014-02-24 21:29:18.853 LineOut[47279:80b] Finished load of: file:///Users/jgs/Library/Application%20Support/iPhone%20Simulator/7.0.3/Applications/80ECB689-E4B4-46FC-8926-17195353DCB7/LineOut.app/www/index.html
2014-02-24 21:32:35.131 LineOut[48273:80b] Multi-tasking -> Device: YES, App: YES
2014-02-24 21:32:35.258 LineOut[48273:80b] Unlimited access to network resources
2014-02-24 21:32:36.784 LineOut[48273:80b] Resetting plugins due to page load.
2014-02-24 21:32:38.057 LineOut[48273:80b] Finished load of: file:///Users/jgs/Library/Application%20Support/iPhone%20Simulator/7.0.3/Applications/12C8E384-0F32-4739-AE2D-4FCB7E8B5D64/LineOut.app/www/index.html
2014-02-24 21:32:49.602 LineOut[48273:80b] Resetting plugins due to page load.
2014-02-24 21:32:50.408 LineOut[48273:80b] Finished load of: file:///Users/jgs/Library/Application%20Support/iPhone%20Simulator/7.0.3/Applications/12C8E384-0F32-4739-AE2D-4FCB7E8B5D64/LineOut.app/www/views/andamans/index.html
2014-02-24 21:33:06.771 LineOut[48273:80b] Resetting plugins due to page load.
2014-02-24 21:33:06.888 LineOut[48273:80b] Finished load of: file:///Users/jgs/Library/Application%20Support/iPhone%20Simulator/7.0.3/Applications/12C8E384-0F32-4739-AE2D-4FCB7E8B5D64/LineOut.app/www/index.html
2014-02-24 21:33:11.267 LineOut[48273:80b] Resetting plugins due to page load.
2014-02-24 21:33:11.383 LineOut[48273:80b] Finished load of: file:///Users/jgs/Library/Application%20Support/iPhone%20Simulator/7.0.3/Applications/12C8E384-0F32-4739-AE2D-4FCB7E8B5D64/LineOut.app/www/views/jasper/index.html
2014-02-24 21:33:19.472 LineOut[48273:80b] Resetting plugins due to page load.
2014-02-24 21:33:19.492 LineOut[48273:80b] Finished load of: file:///Users/jgs/Library/Application%20Support/iPhone%20Simulator/7.0.3/Applications/12C8E384-0F32-4739-AE2D-4FCB7E8B5D64/LineOut.app/www/index.html
2014-02-25 21:48:24.166 LineOut[52699:80b] Multi-tasking -> Device: YES, App: YES
2014-02-25 21:48:24.582 LineOut[52699:80b] Unlimited access to network resources
2014-02-25 21:48:28.417 LineOut[52699:80b] Resetting plugins due to page load.
2014-02-25 21:48:29.650 LineOut[52699:80b] Finished load of: file:///Users/jgs/Library/Application%20Support/iPhone%20Simulator/7.0.3/Applications/12C8E384-0F32-4739-AE2D-4FCB7E8B5D64/LineOut.app/www/index.html
2014-02-25 21:48:42.217 LineOut[52699:80b] Resetting plugins due to page load.
2014-02-25 21:48:43.064 LineOut[52699:80b] Finished load of: file:///Users/jgs/Library/Application%20Support/iPhone%20Simulator/7.0.3/Applications/12C8E384-0F32-4739-AE2D-4FCB7E8B5D64/LineOut.app/www/views/andamans/index.html
